<?xml version="1.0" encoding="UTF-8"?>
<!-- Generated by org.testng.reporters.JUnitReportReporter -->
<testsuite hostname="Tanu" failures="0" tests="9" name="com.sgtesting.tests.pomscenarios.Q2ModifyUser" time="41.285" errors="0" timestamp="2023-12-20T17:19:16 IST" skipped="0">
  <testcase classname="com.sgtesting.tests.pomscenarios.Q2ModifyUser" name="launchBrowser" time="2.648"/>
  <system-out/>
  <testcase classname="com.sgtesting.tests.pomscenarios.Q2ModifyUser" name="navigate" time="3.755"/>
  <system-out/>
  <testcase classname="com.sgtesting.tests.pomscenarios.Q2ModifyUser" name="login" time="3.851"/>
  <system-out/>
  <testcase classname="com.sgtesting.tests.pomscenarios.Q2ModifyUser" name="minimizeFlyWindow" time="1.099"/>
  <system-out/>
  <testcase classname="com.sgtesting.tests.pomscenarios.Q2ModifyUser" name="createUser" time="13.824"/>
  <system-out/>
  <testcase classname="com.sgtesting.tests.pomscenarios.Q2ModifyUser" name="modifyUser" time="6.858"/>
  <system-out/>
  <testcase classname="com.sgtesting.tests.pomscenarios.Q2ModifyUser" name="deleteUser" time="6.556"/>
  <system-out/>
  <testcase classname="com.sgtesting.tests.pomscenarios.Q2ModifyUser" name="logOut" time="2.357"/>
  <system-out/>
  <testcase classname="com.sgtesting.tests.pomscenarios.Q2ModifyUser" name="closeBrowser" time="0.337"/>
  <system-out/>
</testsuite> <!-- com.sgtesting.tests.pomscenarios.Q2ModifyUser -->
