<?xml version="1.0" encoding="UTF-8"?>
<!-- Generated by org.testng.reporters.JUnitReportReporter -->
<testsuite hostname="Tanu" failures="0" tests="32" name="com.sgtesting.tests.pomscenarios.Q8AdvancedScenarios" time="150.552" errors="0" timestamp="2023-12-20T17:19:16 IST" skipped="0">
  <testcase classname="com.sgtesting.tests.pomscenarios.Q8AdvancedScenarios" name="launchBrowser" time="2.251"/>
  <system-out/>
  <testcase classname="com.sgtesting.tests.pomscenarios.Q8AdvancedScenarios" name="navigate" time="3.325"/>
  <system-out/>
  <testcase classname="com.sgtesting.tests.pomscenarios.Q8AdvancedScenarios" name="login" time="4.429"/>
  <system-out/>
  <testcase classname="com.sgtesting.tests.pomscenarios.Q8AdvancedScenarios" name="minimizeFlyWindow" time="1.084"/>
  <system-out/>
  <testcase classname="com.sgtesting.tests.pomscenarios.Q8AdvancedScenarios" name="createUsers" time="7.476"/>
  <system-out/>
  <testcase classname="com.sgtesting.tests.pomscenarios.Q8AdvancedScenarios" name="createUsers" time="8.377"/>
  <system-out/>
  <testcase classname="com.sgtesting.tests.pomscenarios.Q8AdvancedScenarios" name="createUsers" time="7.334"/>
  <system-out/>
  <testcase classname="com.sgtesting.tests.pomscenarios.Q8AdvancedScenarios" name="logOut" time="1.295"/>
  <system-out/>
  <testcase classname="com.sgtesting.tests.pomscenarios.Q8AdvancedScenarios" name="logInAsUser1" time="10.079"/>
  <system-out/>
  <testcase classname="com.sgtesting.tests.pomscenarios.Q8AdvancedScenarios" name="minimizeFlyWindow1" time="2.172"/>
  <system-out/>
  <testcase classname="com.sgtesting.tests.pomscenarios.Q8AdvancedScenarios" name="logOutUser1" time="1.265"/>
  <system-out/>
  <testcase classname="com.sgtesting.tests.pomscenarios.Q8AdvancedScenarios" name="logInAsUser2" time="5.716"/>
  <system-out/>
  <testcase classname="com.sgtesting.tests.pomscenarios.Q8AdvancedScenarios" name="minimizeFlyWindow2" time="2.093"/>
  <system-out/>
  <testcase classname="com.sgtesting.tests.pomscenarios.Q8AdvancedScenarios" name="logOutUser2" time="1.265"/>
  <system-out/>
  <testcase classname="com.sgtesting.tests.pomscenarios.Q8AdvancedScenarios" name="logInAsUSer3" time="7.004"/>
  <system-out/>
  <testcase classname="com.sgtesting.tests.pomscenarios.Q8AdvancedScenarios" name="minimizeFlyWindow3" time="2.077"/>
  <system-out/>
  <testcase classname="com.sgtesting.tests.pomscenarios.Q8AdvancedScenarios" name="logOutUser3" time="1.289"/>
  <system-out/>
  <testcase classname="com.sgtesting.tests.pomscenarios.Q8AdvancedScenarios" name="adminLogin" time="5.676"/>
  <system-out/>
  <testcase classname="com.sgtesting.tests.pomscenarios.Q8AdvancedScenarios" name="minimizeFlyWindow4" time="2.111"/>
  <system-out/>
  <testcase classname="com.sgtesting.tests.pomscenarios.Q8AdvancedScenarios" name="modifyUsersPassword" time="27.948"/>
  <system-out/>
  <testcase classname="com.sgtesting.tests.pomscenarios.Q8AdvancedScenarios" name="logOutAdmin" time="1.284"/>
  <system-out/>
  <testcase classname="com.sgtesting.tests.pomscenarios.Q8AdvancedScenarios" name="logInAsUser11" time="5.787"/>
  <system-out/>
  <testcase classname="com.sgtesting.tests.pomscenarios.Q8AdvancedScenarios" name="logOutUser11" time="1.257"/>
  <system-out/>
  <testcase classname="com.sgtesting.tests.pomscenarios.Q8AdvancedScenarios" name="logInAsUser21" time="5.514"/>
  <system-out/>
  <testcase classname="com.sgtesting.tests.pomscenarios.Q8AdvancedScenarios" name="logOutUser21" time="1.235"/>
  <system-out/>
  <testcase classname="com.sgtesting.tests.pomscenarios.Q8AdvancedScenarios" name="logInAsUSer31" time="5.433"/>
  <system-out/>
  <testcase classname="com.sgtesting.tests.pomscenarios.Q8AdvancedScenarios" name="logOutUser31" time="1.264"/>
  <system-out/>
  <testcase classname="com.sgtesting.tests.pomscenarios.Q8AdvancedScenarios" name="logInAsAdmin1" time="5.640"/>
  <system-out/>
  <testcase classname="com.sgtesting.tests.pomscenarios.Q8AdvancedScenarios" name="minimizeFlyWindow41" time="2.179"/>
  <system-out/>
  <testcase classname="com.sgtesting.tests.pomscenarios.Q8AdvancedScenarios" name="deleteUsers" time="9.996"/>
  <system-out/>
  <testcase classname="com.sgtesting.tests.pomscenarios.Q8AdvancedScenarios" name="logOutAdmin1" time="1.342"/>
  <system-out/>
  <testcase classname="com.sgtesting.tests.pomscenarios.Q8AdvancedScenarios" name="closeApplication" time="5.355"/>
  <system-out/>
</testsuite> <!-- com.sgtesting.tests.pomscenarios.Q8AdvancedScenarios -->
