<?xml version="1.0" encoding="UTF-8"?>
<!-- Generated by org.testng.reporters.JUnitReportReporter -->
<testsuite hostname="Tanu" failures="0" tests="8" name="com.sgtesting.tests.pomscenarios.Q1CreateDeleteUserScenario" time="51.766" errors="0" timestamp="2023-12-20T17:19:15 IST" skipped="0">
  <testcase classname="com.sgtesting.tests.pomscenarios.Q1CreateDeleteUserScenario" name="launchBrowser" time="8.393"/>
  <system-out/>
  <testcase classname="com.sgtesting.tests.pomscenarios.Q1CreateDeleteUserScenario" name="navigate" time="6.540"/>
  <system-out/>
  <testcase classname="com.sgtesting.tests.pomscenarios.Q1CreateDeleteUserScenario" name="login" time="3.626"/>
  <system-out/>
  <testcase classname="com.sgtesting.tests.pomscenarios.Q1CreateDeleteUserScenario" name="minimizeFlyWindow" time="1.315"/>
  <system-out/>
  <testcase classname="com.sgtesting.tests.pomscenarios.Q1CreateDeleteUserScenario" name="createUser" time="13.380"/>
  <system-out/>
  <testcase classname="com.sgtesting.tests.pomscenarios.Q1CreateDeleteUserScenario" name="deleteUser" time="6.296"/>
  <system-out/>
  <testcase classname="com.sgtesting.tests.pomscenarios.Q1CreateDeleteUserScenario" name="logOut" time="2.391"/>
  <system-out/>
  <testcase classname="com.sgtesting.tests.pomscenarios.Q1CreateDeleteUserScenario" name="closeBrowser" time="9.825"/>
  <system-out/>
</testsuite> <!-- com.sgtesting.tests.pomscenarios.Q1CreateDeleteUserScenario -->
