<?xml version="1.0" encoding="UTF-8"?>
<!-- Generated by org.testng.reporters.JUnitReportReporter -->
<testsuite hostname="Tanu" failures="0" tests="4" name="com.sgtesting.tests.testcases.UnitTestCases" time="0.200" errors="0" timestamp="2023-12-20T17:19:16 IST" skipped="0">
  <testcase classname="com.sgtesting.tests.testcases.UnitTestCases" name="testCase2" time="0.002"/>
  <system-out/>
  <testcase classname="com.sgtesting.tests.testcases.UnitTestCases" name="testCase1" time="0.193"/>
  <system-out/>
  <testcase classname="com.sgtesting.tests.testcases.UnitTestCases" name="testCase4" time="0.003"/>
  <system-out/>
  <testcase classname="com.sgtesting.tests.testcases.UnitTestCases" name="testCase3" time="0.002"/>
  <system-out/>
</testsuite> <!-- com.sgtesting.tests.testcases.UnitTestCases -->
