<?xml version="1.0" encoding="UTF-8"?>
<!-- Generated by org.testng.reporters.JUnitReportReporter -->
<testsuite hostname="Tanu" failures="0" tests="9" name="com.sgtesting.tests.pomscenarios.Q4CreateModifyDeleteCustomer" time="41.239" errors="0" timestamp="2023-12-20T17:19:16 IST" skipped="0">
  <testcase classname="com.sgtesting.tests.pomscenarios.Q4CreateModifyDeleteCustomer" name="launchBrowser" time="2.190"/>
  <system-out/>
  <testcase classname="com.sgtesting.tests.pomscenarios.Q4CreateModifyDeleteCustomer" name="navigate" time="3.454"/>
  <system-out/>
  <testcase classname="com.sgtesting.tests.pomscenarios.Q4CreateModifyDeleteCustomer" name="login" time="4.517"/>
  <system-out/>
  <testcase classname="com.sgtesting.tests.pomscenarios.Q4CreateModifyDeleteCustomer" name="minimizeFlyWindow" time="1.074"/>
  <system-out/>
  <testcase classname="com.sgtesting.tests.pomscenarios.Q4CreateModifyDeleteCustomer" name="createCustomer" time="9.546"/>
  <system-out/>
  <testcase classname="com.sgtesting.tests.pomscenarios.Q4CreateModifyDeleteCustomer" name="modifyCustomer" time="5.423"/>
  <system-out/>
  <testcase classname="com.sgtesting.tests.pomscenarios.Q4CreateModifyDeleteCustomer" name="deleteCustomer" time="8.485"/>
  <system-out/>
  <testcase classname="com.sgtesting.tests.pomscenarios.Q4CreateModifyDeleteCustomer" name="logOutAdmin" time="1.296"/>
  <system-out/>
  <testcase classname="com.sgtesting.tests.pomscenarios.Q4CreateModifyDeleteCustomer" name="closeBrowser" time="5.254"/>
  <system-out/>
</testsuite> <!-- com.sgtesting.tests.pomscenarios.Q4CreateModifyDeleteCustomer -->
