<?xml version="1.0" encoding="UTF-8"?>
<!-- Generated by org.testng.reporters.JUnitReportReporter -->
<testsuite hostname="Tanu" failures="0" tests="8" name="com.sgtesting.tests.pomscenarios.Q3CreateDeleteCustomer" time="37.071" errors="0" timestamp="2023-12-20T17:19:16 IST" skipped="0">
  <testcase classname="com.sgtesting.tests.pomscenarios.Q3CreateDeleteCustomer" name="launchBrowser" time="2.216"/>
  <system-out/>
  <testcase classname="com.sgtesting.tests.pomscenarios.Q3CreateDeleteCustomer" name="navigate" time="3.409"/>
  <system-out/>
  <testcase classname="com.sgtesting.tests.pomscenarios.Q3CreateDeleteCustomer" name="login" time="4.575"/>
  <system-out/>
  <testcase classname="com.sgtesting.tests.pomscenarios.Q3CreateDeleteCustomer" name="minimizeFlyWindow" time="1.091"/>
  <system-out/>
  <testcase classname="com.sgtesting.tests.pomscenarios.Q3CreateDeleteCustomer" name="createCustomer" time="9.711"/>
  <system-out/>
  <testcase classname="com.sgtesting.tests.pomscenarios.Q3CreateDeleteCustomer" name="deleteCustomer" time="8.426"/>
  <system-out/>
  <testcase classname="com.sgtesting.tests.pomscenarios.Q3CreateDeleteCustomer" name="logOutAdmin" time="1.311"/>
  <system-out/>
  <testcase classname="com.sgtesting.tests.pomscenarios.Q3CreateDeleteCustomer" name="closeBrowser" time="6.332"/>
  <system-out/>
</testsuite> <!-- com.sgtesting.tests.pomscenarios.Q3CreateDeleteCustomer -->
