<?xml version="1.0" encoding="UTF-8"?>
<!-- Generated by org.testng.reporters.JUnitReportReporter -->
<testsuite hostname="Tanu" failures="0" tests="4" name="comn.sgtesting.tests.testcases.UnitTestCases" time="0.028" errors="0" timestamp="2023-12-19T20:40:44 IST" skipped="0">
  <testcase classname="comn.sgtesting.tests.testcases.UnitTestCases" name="testCase4" time="0.007"/>
  <system-out/>
  <testcase classname="comn.sgtesting.tests.testcases.UnitTestCases" name="testCase3" time="0.004"/>
  <system-out/>
  <testcase classname="comn.sgtesting.tests.testcases.UnitTestCases" name="testCase2" time="0.004"/>
  <system-out/>
  <testcase classname="comn.sgtesting.tests.testcases.UnitTestCases" name="testCase1" time="0.013"/>
  <system-out/>
</testsuite> <!-- comn.sgtesting.tests.testcases.UnitTestCases -->
