<?xml version="1.0" encoding="UTF-8"?>
<!-- Generated by org.testng.reporters.JUnitReportReporter -->
<testsuite hostname="Tanu" failures="0" tests="12" name="com.sgtesting.tests.pomscenarios.Q7CreateCustomerProjectTaskAndDeleteAll" time="73.200" errors="0" timestamp="2023-12-20T17:19:16 IST" skipped="0">
  <testcase classname="com.sgtesting.tests.pomscenarios.Q7CreateCustomerProjectTaskAndDeleteAll" name="launchBrowser" time="2.254"/>
  <system-out/>
  <testcase classname="com.sgtesting.tests.pomscenarios.Q7CreateCustomerProjectTaskAndDeleteAll" name="navigate" time="3.339"/>
  <system-out/>
  <testcase classname="com.sgtesting.tests.pomscenarios.Q7CreateCustomerProjectTaskAndDeleteAll" name="login" time="6.506"/>
  <system-out/>
  <testcase classname="com.sgtesting.tests.pomscenarios.Q7CreateCustomerProjectTaskAndDeleteAll" name="minimizeFlyWindow" time="1.113"/>
  <system-out/>
  <testcase classname="com.sgtesting.tests.pomscenarios.Q7CreateCustomerProjectTaskAndDeleteAll" name="createCustomer" time="9.580"/>
  <system-out/>
  <testcase classname="com.sgtesting.tests.pomscenarios.Q7CreateCustomerProjectTaskAndDeleteAll" name="createProject" time="7.604"/>
  <system-out/>
  <testcase classname="com.sgtesting.tests.pomscenarios.Q7CreateCustomerProjectTaskAndDeleteAll" name="createTask" time="7.600"/>
  <system-out/>
  <testcase classname="com.sgtesting.tests.pomscenarios.Q7CreateCustomerProjectTaskAndDeleteAll" name="deleteTask" time="10.268"/>
  <system-out/>
  <testcase classname="com.sgtesting.tests.pomscenarios.Q7CreateCustomerProjectTaskAndDeleteAll" name="deleteProject" time="9.392"/>
  <system-out/>
  <testcase classname="com.sgtesting.tests.pomscenarios.Q7CreateCustomerProjectTaskAndDeleteAll" name="deleteCustomer" time="8.457"/>
  <system-out/>
  <testcase classname="com.sgtesting.tests.pomscenarios.Q7CreateCustomerProjectTaskAndDeleteAll" name="logOutAdmin" time="1.312"/>
  <system-out/>
  <testcase classname="com.sgtesting.tests.pomscenarios.Q7CreateCustomerProjectTaskAndDeleteAll" name="closeBrowser" time="5.775"/>
  <system-out/>
</testsuite> <!-- com.sgtesting.tests.pomscenarios.Q7CreateCustomerProjectTaskAndDeleteAll -->
