<?xml version="1.0" encoding="UTF-8"?>
<!-- Generated by org.testng.reporters.JUnitReportReporter -->
<testsuite hostname="Tanu" failures="0" tests="42" name="com.sgtesting.tests.pomscenarios.Q9AdvancedScenarioScenarios2" time="190.800" errors="0" timestamp="2023-12-20T17:19:16 IST" skipped="0">
  <testcase classname="com.sgtesting.tests.pomscenarios.Q9AdvancedScenarioScenarios2" name="launchBrowser" time="2.251"/>
  <system-out/>
  <testcase classname="com.sgtesting.tests.pomscenarios.Q9AdvancedScenarioScenarios2" name="navigate" time="3.394"/>
  <system-out/>
  <testcase classname="com.sgtesting.tests.pomscenarios.Q9AdvancedScenarioScenarios2" name="login" time="8.794"/>
  <system-out/>
  <testcase classname="com.sgtesting.tests.pomscenarios.Q9AdvancedScenarioScenarios2" name="minimizeFlyWindow" time="1.084"/>
  <system-out/>
  <testcase classname="com.sgtesting.tests.pomscenarios.Q9AdvancedScenarioScenarios2" name="createUser1" time="12.844"/>
  <system-out/>
  <testcase classname="com.sgtesting.tests.pomscenarios.Q9AdvancedScenarioScenarios2" name="logOutAdmin" time="1.344"/>
  <system-out/>
  <testcase classname="com.sgtesting.tests.pomscenarios.Q9AdvancedScenarioScenarios2" name="logInAsUser1" time="7.204"/>
  <system-out/>
  <testcase classname="com.sgtesting.tests.pomscenarios.Q9AdvancedScenarioScenarios2" name="minimizeFlyWindow1" time="2.191"/>
  <system-out/>
  <testcase classname="com.sgtesting.tests.pomscenarios.Q9AdvancedScenarioScenarios2" name="createUser2" time="11.866"/>
  <system-out/>
  <testcase classname="com.sgtesting.tests.pomscenarios.Q9AdvancedScenarioScenarios2" name="logOutUser1" time="1.291"/>
  <system-out/>
  <testcase classname="com.sgtesting.tests.pomscenarios.Q9AdvancedScenarioScenarios2" name="logInAsUser2" time="7.352"/>
  <system-out/>
  <testcase classname="com.sgtesting.tests.pomscenarios.Q9AdvancedScenarioScenarios2" name="minimizeFlyWindow2" time="2.106"/>
  <system-out/>
  <testcase classname="com.sgtesting.tests.pomscenarios.Q9AdvancedScenarioScenarios2" name="createUser3" time="11.477"/>
  <system-out/>
  <testcase classname="com.sgtesting.tests.pomscenarios.Q9AdvancedScenarioScenarios2" name="logOutUser2" time="1.394"/>
  <system-out/>
  <testcase classname="com.sgtesting.tests.pomscenarios.Q9AdvancedScenarioScenarios2" name="logInAsUser3" time="5.786"/>
  <system-out/>
  <testcase classname="com.sgtesting.tests.pomscenarios.Q9AdvancedScenarioScenarios2" name="minimizeFlyWindow3" time="2.088"/>
  <system-out/>
  <testcase classname="com.sgtesting.tests.pomscenarios.Q9AdvancedScenarioScenarios2" name="logOutUser3" time="1.252"/>
  <system-out/>
  <testcase classname="com.sgtesting.tests.pomscenarios.Q9AdvancedScenarioScenarios2" name="logInAsUser21" time="5.762"/>
  <system-out/>
  <testcase classname="com.sgtesting.tests.pomscenarios.Q9AdvancedScenarioScenarios2" name="modifyUser3" time="10.122"/>
  <system-out/>
  <testcase classname="com.sgtesting.tests.pomscenarios.Q9AdvancedScenarioScenarios2" name="logOutUser21" time="1.251"/>
  <system-out/>
  <testcase classname="com.sgtesting.tests.pomscenarios.Q9AdvancedScenarioScenarios2" name="logInAsUser31" time="5.879"/>
  <system-out/>
  <testcase classname="com.sgtesting.tests.pomscenarios.Q9AdvancedScenarioScenarios2" name="logOutUser31" time="1.264"/>
  <system-out/>
  <testcase classname="com.sgtesting.tests.pomscenarios.Q9AdvancedScenarioScenarios2" name="logInAsUser11" time="5.792"/>
  <system-out/>
  <testcase classname="com.sgtesting.tests.pomscenarios.Q9AdvancedScenarioScenarios2" name="modifyUser2" time="10.238"/>
  <system-out/>
  <testcase classname="com.sgtesting.tests.pomscenarios.Q9AdvancedScenarioScenarios2" name="logOutUser11" time="1.260"/>
  <system-out/>
  <testcase classname="com.sgtesting.tests.pomscenarios.Q9AdvancedScenarioScenarios2" name="logInAsUser22" time="5.728"/>
  <system-out/>
  <testcase classname="com.sgtesting.tests.pomscenarios.Q9AdvancedScenarioScenarios2" name="logOutUser22" time="1.274"/>
  <system-out/>
  <testcase classname="com.sgtesting.tests.pomscenarios.Q9AdvancedScenarioScenarios2" name="logInAdmin" time="5.607"/>
  <system-out/>
  <testcase classname="com.sgtesting.tests.pomscenarios.Q9AdvancedScenarioScenarios2" name="modifyUser1" time="10.491"/>
  <system-out/>
  <testcase classname="com.sgtesting.tests.pomscenarios.Q9AdvancedScenarioScenarios2" name="logOutAdmin1" time="1.333"/>
  <system-out/>
  <testcase classname="com.sgtesting.tests.pomscenarios.Q9AdvancedScenarioScenarios2" name="logInAsUser12" time="5.795"/>
  <system-out/>
  <testcase classname="com.sgtesting.tests.pomscenarios.Q9AdvancedScenarioScenarios2" name="logOutUser12" time="1.252"/>
  <system-out/>
  <testcase classname="com.sgtesting.tests.pomscenarios.Q9AdvancedScenarioScenarios2" name="logInAsUser23" time="5.711"/>
  <system-out/>
  <testcase classname="com.sgtesting.tests.pomscenarios.Q9AdvancedScenarioScenarios2" name="deleteUser3" time="4.257"/>
  <system-out/>
  <testcase classname="com.sgtesting.tests.pomscenarios.Q9AdvancedScenarioScenarios2" name="logOutUser23" time="1.292"/>
  <system-out/>
  <testcase classname="com.sgtesting.tests.pomscenarios.Q9AdvancedScenarioScenarios2" name="logInAsUser13" time="5.851"/>
  <system-out/>
  <testcase classname="com.sgtesting.tests.pomscenarios.Q9AdvancedScenarioScenarios2" name="deleteUser2" time="4.304"/>
  <system-out/>
  <testcase classname="com.sgtesting.tests.pomscenarios.Q9AdvancedScenarioScenarios2" name="logOutUser13" time="1.219"/>
  <system-out/>
  <testcase classname="com.sgtesting.tests.pomscenarios.Q9AdvancedScenarioScenarios2" name="logInAdmin1" time="5.546"/>
  <system-out/>
  <testcase classname="com.sgtesting.tests.pomscenarios.Q9AdvancedScenarioScenarios2" name="deleteUser1" time="4.242"/>
  <system-out/>
  <testcase classname="com.sgtesting.tests.pomscenarios.Q9AdvancedScenarioScenarios2" name="logOutAdmin12" time="1.271"/>
  <system-out/>
  <testcase classname="com.sgtesting.tests.pomscenarios.Q9AdvancedScenarioScenarios2" name="closeApplication" time="0.341"/>
  <system-out/>
</testsuite> <!-- com.sgtesting.tests.pomscenarios.Q9AdvancedScenarioScenarios2 -->
