<?xml version="1.0" encoding="UTF-8"?>
<!-- Generated by org.testng.reporters.JUnitReportReporter -->
<testsuite hostname="Tanu" failures="0" tests="9" name="com.sgtesting.tests.pomscenarios.Q5CreateCustomeProjectAndDelete" time="38.495" errors="0" timestamp="2023-12-20T17:19:16 IST" skipped="0">
  <testcase classname="com.sgtesting.tests.pomscenarios.Q5CreateCustomeProjectAndDelete" name="launchBrowser" time="2.281"/>
  <system-out/>
  <testcase classname="com.sgtesting.tests.pomscenarios.Q5CreateCustomeProjectAndDelete" name="navigate" time="3.372"/>
  <system-out/>
  <testcase classname="com.sgtesting.tests.pomscenarios.Q5CreateCustomeProjectAndDelete" name="login" time="4.304"/>
  <system-out/>
  <testcase classname="com.sgtesting.tests.pomscenarios.Q5CreateCustomeProjectAndDelete" name="minimizeFlyWindow" time="1.126"/>
  <system-out/>
  <testcase classname="com.sgtesting.tests.pomscenarios.Q5CreateCustomeProjectAndDelete" name="createCustomer" time="9.434"/>
  <system-out/>
  <testcase classname="com.sgtesting.tests.pomscenarios.Q5CreateCustomeProjectAndDelete" name="createProject" time="7.747"/>
  <system-out/>
  <testcase classname="com.sgtesting.tests.pomscenarios.Q5CreateCustomeProjectAndDelete" name="deleteCustomer" time="8.535"/>
  <system-out/>
  <testcase classname="com.sgtesting.tests.pomscenarios.Q5CreateCustomeProjectAndDelete" name="logOutAdmin" time="1.354"/>
  <system-out/>
  <testcase classname="com.sgtesting.tests.pomscenarios.Q5CreateCustomeProjectAndDelete" name="closeBrowser" time="0.342"/>
  <system-out/>
</testsuite> <!-- com.sgtesting.tests.pomscenarios.Q5CreateCustomeProjectAndDelete -->
