<?xml version="1.0" encoding="UTF-8"?>
<!-- Generated by org.testng.reporters.JUnitReportReporter -->
<testsuite hostname="Tanu" failures="0" tests="10" name="com.sgtesting.tests.pomscenarios.Q6CreateCustomeProjectModifyProjectAndDeleteAll" time="50.926" errors="0" timestamp="2023-12-20T17:19:16 IST" skipped="0">
  <testcase classname="com.sgtesting.tests.pomscenarios.Q6CreateCustomeProjectModifyProjectAndDeleteAll" name="launchBrowser" time="2.354"/>
  <system-out/>
  <testcase classname="com.sgtesting.tests.pomscenarios.Q6CreateCustomeProjectModifyProjectAndDeleteAll" name="navigate" time="3.420"/>
  <system-out/>
  <testcase classname="com.sgtesting.tests.pomscenarios.Q6CreateCustomeProjectModifyProjectAndDeleteAll" name="login" time="4.724"/>
  <system-out/>
  <testcase classname="com.sgtesting.tests.pomscenarios.Q6CreateCustomeProjectModifyProjectAndDeleteAll" name="minimizeFlyWindow" time="1.069"/>
  <system-out/>
  <testcase classname="com.sgtesting.tests.pomscenarios.Q6CreateCustomeProjectModifyProjectAndDeleteAll" name="createCustomer" time="9.714"/>
  <system-out/>
  <testcase classname="com.sgtesting.tests.pomscenarios.Q6CreateCustomeProjectModifyProjectAndDeleteAll" name="createProject" time="7.920"/>
  <system-out/>
  <testcase classname="com.sgtesting.tests.pomscenarios.Q6CreateCustomeProjectModifyProjectAndDeleteAll" name="modifyProject" time="5.402"/>
  <system-out/>
  <testcase classname="com.sgtesting.tests.pomscenarios.Q6CreateCustomeProjectModifyProjectAndDeleteAll" name="deleteCustomer" time="8.521"/>
  <system-out/>
  <testcase classname="com.sgtesting.tests.pomscenarios.Q6CreateCustomeProjectModifyProjectAndDeleteAll" name="logOutAdmin" time="1.311"/>
  <system-out/>
  <testcase classname="com.sgtesting.tests.pomscenarios.Q6CreateCustomeProjectModifyProjectAndDeleteAll" name="closeBrowser" time="6.491"/>
  <system-out/>
</testsuite> <!-- com.sgtesting.tests.pomscenarios.Q6CreateCustomeProjectModifyProjectAndDeleteAll -->
