<?xml version="1.0" encoding="UTF-8"?>
<!-- Generated by org.testng.reporters.JUnitReportReporter -->
<testsuite hostname="Tanu" failures="0" tests="2" name="com.sgtesting.hardassertions.AssertEqualsDemo" time="0.011" errors="0" timestamp="2023-12-08T20:04:04 IST" skipped="1">
  <testcase classname="com.sgtesting.hardassertions.AssertEqualsDemo" name="assertNotEqualsTesting" time="0.011"/>
  <system-out/>
  <testcase classname="com.sgtesting.hardassertions.AssertEqualsDemo" name="assertEqualsTesting">
    <skipped/>
  </testcase> <!-- assertEqualsTesting -->
  <system-out/>
</testsuite> <!-- com.sgtesting.hardassertions.AssertEqualsDemo -->
