<?xml version="1.0" encoding="UTF-8"?>
<!-- Generated by org.testng.reporters.JUnitReportReporter -->
<testsuite hostname="Tanu" failures="0" tests="3" name="com.sgtesting.parameters.DataProviderDemo" time="0.009" errors="0" timestamp="2023-12-08T20:32:17 IST" skipped="0">
  <testcase classname="com.sgtesting.parameters.DataProviderDemo" name="login" time="0.006"/>
  <system-out/>
  <testcase classname="com.sgtesting.parameters.DataProviderDemo" name="login" time="0.001"/>
  <system-out/>
  <testcase classname="com.sgtesting.parameters.DataProviderDemo" name="login" time="0.002"/>
  <system-out/>
</testsuite> <!-- com.sgtesting.parameters.DataProviderDemo -->
