<?xml version="1.0" encoding="UTF-8"?>
<!-- Generated by org.testng.reporters.JUnitReportReporter -->
<testsuite hostname="Tanu" failures="0" tests="3" name="com.sgtesting.users.Users" time="0.011" errors="0" timestamp="2023-12-07T19:25:09 IST" skipped="0">
  <testcase classname="com.sgtesting.users.Users" name="deleteUser" time="0.002"/>
  <system-out/>
  <testcase classname="com.sgtesting.users.Users" name="modifyUser" time="0.001"/>
  <system-out/>
  <testcase classname="com.sgtesting.users.Users" name="createUser" time="0.008"/>
  <system-out/>
</testsuite> <!-- com.sgtesting.users.Users -->
