<?xml version="1.0" encoding="UTF-8"?>
<!-- Generated by org.testng.reporters.JUnitReportReporter -->
<testsuite hostname="Tanu" failures="0" tests="3" name="com.sgtesting.products.Products" time="0.006" errors="0" timestamp="2023-12-07T19:25:09 IST" skipped="0">
  <testcase classname="com.sgtesting.products.Products" name="createProduct" time="0.002"/>
  <system-out/>
  <testcase classname="com.sgtesting.products.Products" name="modifyProduct" time="0.002"/>
  <system-out/>
  <testcase classname="com.sgtesting.products.Products" name="deleteProduct" time="0.002"/>
  <system-out/>
</testsuite> <!-- com.sgtesting.products.Products -->
