<?xml version="1.0" encoding="UTF-8"?>
<!-- Generated by org.testng.reporters.JUnitReportReporter -->
<testsuite hostname="RanavRakshi" failures="0" tests="4" name="com.sgtesting.tests.assignments.AssignmentQ2" time="3.239" errors="0" timestamp="2024-01-26T19:58:53 IST" skipped="0">
  <testcase classname="com.sgtesting.tests.assignments.AssignmentQ2" name="createUser" time="2.052"/>
  <system-out/>
  <testcase classname="com.sgtesting.tests.assignments.AssignmentQ2" name="displayUser" time="0.405"/>
  <system-out/>
  <testcase classname="com.sgtesting.tests.assignments.AssignmentQ2" name="editUser" time="0.409"/>
  <system-out/>
  <testcase classname="com.sgtesting.tests.assignments.AssignmentQ2" name="deleteUser" time="0.373"/>
  <system-out/>
</testsuite> <!-- com.sgtesting.tests.assignments.AssignmentQ2 -->
