<?xml version="1.0" encoding="UTF-8"?>
<!-- Generated by org.testng.reporters.JUnitReportReporter -->
<testsuite hostname="RanavRakshi" failures="0" tests="3" name="com.sgtesting.tests.pojo.UserScenarioByPojoAproach" time="1.506" errors="0" timestamp="2024-01-26T12:44:08 IST" skipped="0">
  <testcase classname="com.sgtesting.tests.pojo.UserScenarioByPojoAproach" name="createUser" time="1.387"/>
  <system-out/>
  <testcase classname="com.sgtesting.tests.pojo.UserScenarioByPojoAproach" name="displayUser" time="0.073"/>
  <system-out/>
  <testcase classname="com.sgtesting.tests.pojo.UserScenarioByPojoAproach" name="deleteUser" time="0.046"/>
  <system-out/>
</testsuite> <!-- com.sgtesting.tests.pojo.UserScenarioByPojoAproach -->
