<?xml version="1.0" encoding="UTF-8"?>
<!-- Generated by org.testng.reporters.JUnitReportReporter -->
<testsuite hostname="RanavRakshi" failures="0" tests="1" name="com.sgtesting.tests.users.UserScenario1" time="1.115" errors="0" timestamp="2024-01-25T13:10:19 IST" skipped="0">
  <testcase classname="com.sgtesting.tests.users.UserScenario1" name="deleteUser" time="1.115"/>
  <system-out/>
</testsuite> <!-- com.sgtesting.tests.users.UserScenario1 -->
