<?xml version="1.0" encoding="UTF-8"?>
<!-- Generated by org.testng.reporters.JUnitReportReporter -->
<testsuite hostname="Tanu" failures="0" tests="8" name="com.sgtesting.tests.Q1CreateDeleteUserScenario" time="52.904" errors="0" timestamp="2023-12-15T11:58:53 IST" skipped="0">
  <testcase classname="com.sgtesting.tests.Q1CreateDeleteUserScenario" name="launchBrowser" time="4.949"/>
  <system-out/>
  <testcase classname="com.sgtesting.tests.Q1CreateDeleteUserScenario" name="navigate" time="3.450"/>
  <system-out/>
  <testcase classname="com.sgtesting.tests.Q1CreateDeleteUserScenario" name="login" time="4.678"/>
  <system-out/>
  <testcase classname="com.sgtesting.tests.Q1CreateDeleteUserScenario" name="minimizeFlyWindow" time="1.131"/>
  <system-out/>
  <testcase classname="com.sgtesting.tests.Q1CreateDeleteUserScenario" name="createUser" time="13.049"/>
  <system-out/>
  <testcase classname="com.sgtesting.tests.Q1CreateDeleteUserScenario" name="deleteUser" time="6.625"/>
  <system-out/>
  <testcase classname="com.sgtesting.tests.Q1CreateDeleteUserScenario" name="logOut" time="2.575"/>
  <system-out/>
  <testcase classname="com.sgtesting.tests.Q1CreateDeleteUserScenario" name="closeBrowser" time="16.447"/>
  <system-out/>
</testsuite> <!-- com.sgtesting.tests.Q1CreateDeleteUserScenario -->
