<?xml version="1.0" encoding="UTF-8"?>
<!-- Generated by org.testng.reporters.JUnitReportReporter -->
<testsuite hostname="Tanu" failures="0" tests="32" name="com.sgtesting.tests.Q8AdvancedScenarios" time="153.077" errors="0" timestamp="2023-12-15T11:58:53 IST" skipped="0">
  <testcase classname="com.sgtesting.tests.Q8AdvancedScenarios" name="launchBrowser" time="2.362"/>
  <system-out/>
  <testcase classname="com.sgtesting.tests.Q8AdvancedScenarios" name="navigate" time="3.442"/>
  <system-out/>
  <testcase classname="com.sgtesting.tests.Q8AdvancedScenarios" name="login" time="4.623"/>
  <system-out/>
  <testcase classname="com.sgtesting.tests.Q8AdvancedScenarios" name="minimizeFlyWindow" time="1.072"/>
  <system-out/>
  <testcase classname="com.sgtesting.tests.Q8AdvancedScenarios" name="createUsers" time="7.401"/>
  <system-out/>
  <testcase classname="com.sgtesting.tests.Q8AdvancedScenarios" name="createUsers" time="8.705"/>
  <system-out/>
  <testcase classname="com.sgtesting.tests.Q8AdvancedScenarios" name="createUsers" time="7.303"/>
  <system-out/>
  <testcase classname="com.sgtesting.tests.Q8AdvancedScenarios" name="logOut" time="1.296"/>
  <system-out/>
  <testcase classname="com.sgtesting.tests.Q8AdvancedScenarios" name="logInAsUser1" time="8.626"/>
  <system-out/>
  <testcase classname="com.sgtesting.tests.Q8AdvancedScenarios" name="minimizeFlyWindow1" time="2.226"/>
  <system-out/>
  <testcase classname="com.sgtesting.tests.Q8AdvancedScenarios" name="logOutUser1" time="1.300"/>
  <system-out/>
  <testcase classname="com.sgtesting.tests.Q8AdvancedScenarios" name="logInAsUser2" time="5.839"/>
  <system-out/>
  <testcase classname="com.sgtesting.tests.Q8AdvancedScenarios" name="minimizeFlyWindow2" time="2.098"/>
  <system-out/>
  <testcase classname="com.sgtesting.tests.Q8AdvancedScenarios" name="logOutUser2" time="1.408"/>
  <system-out/>
  <testcase classname="com.sgtesting.tests.Q8AdvancedScenarios" name="logInAsUSer3" time="7.340"/>
  <system-out/>
  <testcase classname="com.sgtesting.tests.Q8AdvancedScenarios" name="minimizeFlyWindow3" time="2.192"/>
  <system-out/>
  <testcase classname="com.sgtesting.tests.Q8AdvancedScenarios" name="logOutUser3" time="1.348"/>
  <system-out/>
  <testcase classname="com.sgtesting.tests.Q8AdvancedScenarios" name="adminLogin" time="5.406"/>
  <system-out/>
  <testcase classname="com.sgtesting.tests.Q8AdvancedScenarios" name="minimizeFlyWindow4" time="2.172"/>
  <system-out/>
  <testcase classname="com.sgtesting.tests.Q8AdvancedScenarios" name="modifyUsersPassword" time="28.300"/>
  <system-out/>
  <testcase classname="com.sgtesting.tests.Q8AdvancedScenarios" name="logOutAdmin" time="1.399"/>
  <system-out/>
  <testcase classname="com.sgtesting.tests.Q8AdvancedScenarios" name="logInAsUser11" time="5.953"/>
  <system-out/>
  <testcase classname="com.sgtesting.tests.Q8AdvancedScenarios" name="logOutUser11" time="1.330"/>
  <system-out/>
  <testcase classname="com.sgtesting.tests.Q8AdvancedScenarios" name="logInAsUser21" time="5.549"/>
  <system-out/>
  <testcase classname="com.sgtesting.tests.Q8AdvancedScenarios" name="logOutUser21" time="1.311"/>
  <system-out/>
  <testcase classname="com.sgtesting.tests.Q8AdvancedScenarios" name="logInAsUSer31" time="5.592"/>
  <system-out/>
  <testcase classname="com.sgtesting.tests.Q8AdvancedScenarios" name="logOutUser31" time="1.267"/>
  <system-out/>
  <testcase classname="com.sgtesting.tests.Q8AdvancedScenarios" name="logInAsAdmin1" time="5.819"/>
  <system-out/>
  <testcase classname="com.sgtesting.tests.Q8AdvancedScenarios" name="minimizeFlyWindow41" time="2.141"/>
  <system-out/>
  <testcase classname="com.sgtesting.tests.Q8AdvancedScenarios" name="deleteUsers" time="10.842"/>
  <system-out/>
  <testcase classname="com.sgtesting.tests.Q8AdvancedScenarios" name="logOutAdmin1" time="1.361"/>
  <system-out/>
  <testcase classname="com.sgtesting.tests.Q8AdvancedScenarios" name="closeApplication" time="6.054"/>
  <system-out/>
</testsuite> <!-- com.sgtesting.tests.Q8AdvancedScenarios -->
