<?xml version="1.0" encoding="UTF-8"?>
<!-- Generated by org.testng.reporters.JUnitReportReporter -->
<testsuite hostname="Tanu" failures="0" tests="10" name="com.sgtesting.tests.Q6CreateCustomeProjectModifyProjectAndDeleteAll" time="49.813" errors="0" timestamp="2023-12-15T11:58:53 IST" skipped="0">
  <testcase classname="com.sgtesting.tests.Q6CreateCustomeProjectModifyProjectAndDeleteAll" name="launchBrowser" time="2.154"/>
  <system-out/>
  <testcase classname="com.sgtesting.tests.Q6CreateCustomeProjectModifyProjectAndDeleteAll" name="navigate" time="3.387"/>
  <system-out/>
  <testcase classname="com.sgtesting.tests.Q6CreateCustomeProjectModifyProjectAndDeleteAll" name="login" time="4.475"/>
  <system-out/>
  <testcase classname="com.sgtesting.tests.Q6CreateCustomeProjectModifyProjectAndDeleteAll" name="minimizeFlyWindow" time="1.095"/>
  <system-out/>
  <testcase classname="com.sgtesting.tests.Q6CreateCustomeProjectModifyProjectAndDeleteAll" name="createCustomer" time="9.691"/>
  <system-out/>
  <testcase classname="com.sgtesting.tests.Q6CreateCustomeProjectModifyProjectAndDeleteAll" name="createProject" time="7.698"/>
  <system-out/>
  <testcase classname="com.sgtesting.tests.Q6CreateCustomeProjectModifyProjectAndDeleteAll" name="modifyProject" time="5.540"/>
  <system-out/>
  <testcase classname="com.sgtesting.tests.Q6CreateCustomeProjectModifyProjectAndDeleteAll" name="deleteCustomer" time="8.618"/>
  <system-out/>
  <testcase classname="com.sgtesting.tests.Q6CreateCustomeProjectModifyProjectAndDeleteAll" name="logOutAdmin" time="1.366"/>
  <system-out/>
  <testcase classname="com.sgtesting.tests.Q6CreateCustomeProjectModifyProjectAndDeleteAll" name="closeBrowser" time="5.789"/>
  <system-out/>
</testsuite> <!-- com.sgtesting.tests.Q6CreateCustomeProjectModifyProjectAndDeleteAll -->
