<?xml version="1.0" encoding="UTF-8"?>
<!-- Generated by org.testng.reporters.JUnitReportReporter -->
<testsuite hostname="Tanu" failures="0" tests="9" name="com.sgtesting.tests.Q2ModifyUser" time="77.104" errors="0" timestamp="2023-12-15T15:48:28 IST" skipped="0">
  <testcase classname="com.sgtesting.tests.Q2ModifyUser" name="launchBrowser" time="5.017"/>
  <system-out/>
  <testcase classname="com.sgtesting.tests.Q2ModifyUser" name="navigate" time="3.404"/>
  <system-out/>
  <testcase classname="com.sgtesting.tests.Q2ModifyUser" name="login" time="4.678"/>
  <system-out/>
  <testcase classname="com.sgtesting.tests.Q2ModifyUser" name="minimizeFlyWindow" time="1.098"/>
  <system-out/>
  <testcase classname="com.sgtesting.tests.Q2ModifyUser" name="createUser" time="12.711"/>
  <system-out/>
  <testcase classname="com.sgtesting.tests.Q2ModifyUser" name="modifyUser" time="6.724"/>
  <system-out/>
  <testcase classname="com.sgtesting.tests.Q2ModifyUser" name="deleteUser" time="6.441"/>
  <system-out/>
  <testcase classname="com.sgtesting.tests.Q2ModifyUser" name="logOut" time="2.351"/>
  <system-out/>
  <testcase classname="com.sgtesting.tests.Q2ModifyUser" name="closeBrowser" time="34.680"/>
  <system-out/>
</testsuite> <!-- com.sgtesting.tests.Q2ModifyUser -->
