<?xml version="1.0" encoding="UTF-8"?>
<!-- Generated by org.testng.reporters.JUnitReportReporter -->
<testsuite hostname="Tanu" failures="0" tests="9" name="com.sgtesting.tests.Q4CreateModifyDeleteCustomer" time="56.779" errors="0" timestamp="2023-12-15T11:58:53 IST" skipped="0">
  <testcase classname="com.sgtesting.tests.Q4CreateModifyDeleteCustomer" name="launchBrowser" time="2.188"/>
  <system-out/>
  <testcase classname="com.sgtesting.tests.Q4CreateModifyDeleteCustomer" name="navigate" time="3.436"/>
  <system-out/>
  <testcase classname="com.sgtesting.tests.Q4CreateModifyDeleteCustomer" name="login" time="4.651"/>
  <system-out/>
  <testcase classname="com.sgtesting.tests.Q4CreateModifyDeleteCustomer" name="minimizeFlyWindow" time="1.075"/>
  <system-out/>
  <testcase classname="com.sgtesting.tests.Q4CreateModifyDeleteCustomer" name="createCustomer" time="9.524"/>
  <system-out/>
  <testcase classname="com.sgtesting.tests.Q4CreateModifyDeleteCustomer" name="modifyCustomer" time="5.419"/>
  <system-out/>
  <testcase classname="com.sgtesting.tests.Q4CreateModifyDeleteCustomer" name="deleteCustomer" time="8.741"/>
  <system-out/>
  <testcase classname="com.sgtesting.tests.Q4CreateModifyDeleteCustomer" name="logOutAdmin" time="1.434"/>
  <system-out/>
  <testcase classname="com.sgtesting.tests.Q4CreateModifyDeleteCustomer" name="closeBrowser" time="20.311"/>
  <system-out/>
</testsuite> <!-- com.sgtesting.tests.Q4CreateModifyDeleteCustomer -->
