<?xml version="1.0" encoding="UTF-8"?>
<!-- Generated by org.testng.reporters.JUnitReportReporter -->
<testsuite hostname="Tanu" failures="0" tests="6" name="com.sgtesting.tests.LoginAndLogoutScenario" time="17.717" errors="0" timestamp="2023-12-14T11:52:54 IST" skipped="0">
  <testcase classname="com.sgtesting.tests.LoginAndLogoutScenario" name="launchBrowser" time="3.988"/>
  <system-out/>
  <testcase classname="com.sgtesting.tests.LoginAndLogoutScenario" name="navigate" time="5.598"/>
  <system-out/>
  <testcase classname="com.sgtesting.tests.LoginAndLogoutScenario" name="login" time="3.447"/>
  <system-out/>
  <testcase classname="com.sgtesting.tests.LoginAndLogoutScenario" name="minimizeFlyOutWindow" time="2.062"/>
  <system-out/>
  <testcase classname="com.sgtesting.tests.LoginAndLogoutScenario" name="logOut" time="2.290"/>
  <system-out/>
  <testcase classname="com.sgtesting.tests.LoginAndLogoutScenario" name="closeApplication" time="0.332"/>
  <system-out/>
</testsuite> <!-- com.sgtesting.tests.LoginAndLogoutScenario -->
