<?xml version="1.0" encoding="UTF-8"?>
<!-- Generated by org.testng.reporters.JUnitReportReporter -->
<testsuite hostname="Tanu" failures="0" tests="12" name="com.sgtesting.tests.Q7CreateCustomerProjectTaskAndDeleteAll" time="74.795" errors="0" timestamp="2023-12-15T11:58:53 IST" skipped="0">
  <testcase classname="com.sgtesting.tests.Q7CreateCustomerProjectTaskAndDeleteAll" name="launchBrowser" time="2.101"/>
  <system-out/>
  <testcase classname="com.sgtesting.tests.Q7CreateCustomerProjectTaskAndDeleteAll" name="navigate" time="3.359"/>
  <system-out/>
  <testcase classname="com.sgtesting.tests.Q7CreateCustomerProjectTaskAndDeleteAll" name="login" time="6.723"/>
  <system-out/>
  <testcase classname="com.sgtesting.tests.Q7CreateCustomerProjectTaskAndDeleteAll" name="minimizeFlyWindow" time="1.148"/>
  <system-out/>
  <testcase classname="com.sgtesting.tests.Q7CreateCustomerProjectTaskAndDeleteAll" name="createCustomer" time="10.143"/>
  <system-out/>
  <testcase classname="com.sgtesting.tests.Q7CreateCustomerProjectTaskAndDeleteAll" name="createProject" time="7.749"/>
  <system-out/>
  <testcase classname="com.sgtesting.tests.Q7CreateCustomerProjectTaskAndDeleteAll" name="createTask" time="7.713"/>
  <system-out/>
  <testcase classname="com.sgtesting.tests.Q7CreateCustomerProjectTaskAndDeleteAll" name="deleteTask" time="10.417"/>
  <system-out/>
  <testcase classname="com.sgtesting.tests.Q7CreateCustomerProjectTaskAndDeleteAll" name="deleteProject" time="9.594"/>
  <system-out/>
  <testcase classname="com.sgtesting.tests.Q7CreateCustomerProjectTaskAndDeleteAll" name="deleteCustomer" time="8.498"/>
  <system-out/>
  <testcase classname="com.sgtesting.tests.Q7CreateCustomerProjectTaskAndDeleteAll" name="logOutAdmin" time="1.392"/>
  <system-out/>
  <testcase classname="com.sgtesting.tests.Q7CreateCustomerProjectTaskAndDeleteAll" name="closeBrowser" time="5.958"/>
  <system-out/>
</testsuite> <!-- com.sgtesting.tests.Q7CreateCustomerProjectTaskAndDeleteAll -->
