<?xml version="1.0" encoding="UTF-8"?>
<!-- Generated by org.testng.reporters.JUnitReportReporter -->
<testsuite hostname="Tanu" failures="0" tests="8" name="com.sgtesting.tests.Q3CreateDeleteCustomer" time="36.814" errors="0" timestamp="2023-12-15T11:58:53 IST" skipped="0">
  <testcase classname="com.sgtesting.tests.Q3CreateDeleteCustomer" name="launchBrowser" time="2.063"/>
  <system-out/>
  <testcase classname="com.sgtesting.tests.Q3CreateDeleteCustomer" name="navigate" time="3.396"/>
  <system-out/>
  <testcase classname="com.sgtesting.tests.Q3CreateDeleteCustomer" name="login" time="4.396"/>
  <system-out/>
  <testcase classname="com.sgtesting.tests.Q3CreateDeleteCustomer" name="minimizeFlyWindow" time="1.138"/>
  <system-out/>
  <testcase classname="com.sgtesting.tests.Q3CreateDeleteCustomer" name="createCustomer" time="9.862"/>
  <system-out/>
  <testcase classname="com.sgtesting.tests.Q3CreateDeleteCustomer" name="deleteCustomer" time="8.548"/>
  <system-out/>
  <testcase classname="com.sgtesting.tests.Q3CreateDeleteCustomer" name="logOutAdmin" time="1.363"/>
  <system-out/>
  <testcase classname="com.sgtesting.tests.Q3CreateDeleteCustomer" name="closeBrowser" time="6.048"/>
  <system-out/>
</testsuite> <!-- com.sgtesting.tests.Q3CreateDeleteCustomer -->
