<?xml version="1.0" encoding="UTF-8"?>
<!-- Generated by org.testng.reporters.JUnitReportReporter -->
<testsuite hostname="Tanu" failures="0" tests="42" name="com.sgtesting.tests.Q9AdvancedScenarioScenarios2" time="201.623" errors="0" timestamp="2023-12-15T11:58:53 IST" skipped="0">
  <testcase classname="com.sgtesting.tests.Q9AdvancedScenarioScenarios2" name="launchBrowser" time="2.921"/>
  <system-out/>
  <testcase classname="com.sgtesting.tests.Q9AdvancedScenarioScenarios2" name="navigate" time="3.423"/>
  <system-out/>
  <testcase classname="com.sgtesting.tests.Q9AdvancedScenarioScenarios2" name="login" time="6.841"/>
  <system-out/>
  <testcase classname="com.sgtesting.tests.Q9AdvancedScenarioScenarios2" name="minimizeFlyWindow" time="1.090"/>
  <system-out/>
  <testcase classname="com.sgtesting.tests.Q9AdvancedScenarioScenarios2" name="createUser1" time="13.165"/>
  <system-out/>
  <testcase classname="com.sgtesting.tests.Q9AdvancedScenarioScenarios2" name="logOutAdmin" time="1.326"/>
  <system-out/>
  <testcase classname="com.sgtesting.tests.Q9AdvancedScenarioScenarios2" name="logInAsUser1" time="8.497"/>
  <system-out/>
  <testcase classname="com.sgtesting.tests.Q9AdvancedScenarioScenarios2" name="minimizeFlyWindow1" time="2.114"/>
  <system-out/>
  <testcase classname="com.sgtesting.tests.Q9AdvancedScenarioScenarios2" name="createUser2" time="12.173"/>
  <system-out/>
  <testcase classname="com.sgtesting.tests.Q9AdvancedScenarioScenarios2" name="logOutUser1" time="1.326"/>
  <system-out/>
  <testcase classname="com.sgtesting.tests.Q9AdvancedScenarioScenarios2" name="logInAsUser2" time="9.208"/>
  <system-out/>
  <testcase classname="com.sgtesting.tests.Q9AdvancedScenarioScenarios2" name="minimizeFlyWindow2" time="2.095"/>
  <system-out/>
  <testcase classname="com.sgtesting.tests.Q9AdvancedScenarioScenarios2" name="createUser3" time="11.888"/>
  <system-out/>
  <testcase classname="com.sgtesting.tests.Q9AdvancedScenarioScenarios2" name="logOutUser2" time="1.324"/>
  <system-out/>
  <testcase classname="com.sgtesting.tests.Q9AdvancedScenarioScenarios2" name="logInAsUser3" time="5.928"/>
  <system-out/>
  <testcase classname="com.sgtesting.tests.Q9AdvancedScenarioScenarios2" name="minimizeFlyWindow3" time="2.137"/>
  <system-out/>
  <testcase classname="com.sgtesting.tests.Q9AdvancedScenarioScenarios2" name="logOutUser3" time="1.308"/>
  <system-out/>
  <testcase classname="com.sgtesting.tests.Q9AdvancedScenarioScenarios2" name="logInAsUser21" time="5.888"/>
  <system-out/>
  <testcase classname="com.sgtesting.tests.Q9AdvancedScenarioScenarios2" name="modifyUser3" time="10.464"/>
  <system-out/>
  <testcase classname="com.sgtesting.tests.Q9AdvancedScenarioScenarios2" name="logOutUser21" time="1.402"/>
  <system-out/>
  <testcase classname="com.sgtesting.tests.Q9AdvancedScenarioScenarios2" name="logInAsUser31" time="5.621"/>
  <system-out/>
  <testcase classname="com.sgtesting.tests.Q9AdvancedScenarioScenarios2" name="logOutUser31" time="1.281"/>
  <system-out/>
  <testcase classname="com.sgtesting.tests.Q9AdvancedScenarioScenarios2" name="logInAsUser11" time="5.625"/>
  <system-out/>
  <testcase classname="com.sgtesting.tests.Q9AdvancedScenarioScenarios2" name="modifyUser2" time="11.069"/>
  <system-out/>
  <testcase classname="com.sgtesting.tests.Q9AdvancedScenarioScenarios2" name="logOutUser11" time="1.338"/>
  <system-out/>
  <testcase classname="com.sgtesting.tests.Q9AdvancedScenarioScenarios2" name="logInAsUser22" time="5.871"/>
  <system-out/>
  <testcase classname="com.sgtesting.tests.Q9AdvancedScenarioScenarios2" name="logOutUser22" time="1.278"/>
  <system-out/>
  <testcase classname="com.sgtesting.tests.Q9AdvancedScenarioScenarios2" name="logInAdmin" time="5.548"/>
  <system-out/>
  <testcase classname="com.sgtesting.tests.Q9AdvancedScenarioScenarios2" name="modifyUser1" time="10.273"/>
  <system-out/>
  <testcase classname="com.sgtesting.tests.Q9AdvancedScenarioScenarios2" name="logOutAdmin1" time="1.310"/>
  <system-out/>
  <testcase classname="com.sgtesting.tests.Q9AdvancedScenarioScenarios2" name="logInAsUser12" time="5.984"/>
  <system-out/>
  <testcase classname="com.sgtesting.tests.Q9AdvancedScenarioScenarios2" name="logOutUser12" time="1.348"/>
  <system-out/>
  <testcase classname="com.sgtesting.tests.Q9AdvancedScenarioScenarios2" name="logInAsUser23" time="5.845"/>
  <system-out/>
  <testcase classname="com.sgtesting.tests.Q9AdvancedScenarioScenarios2" name="deleteUser3" time="4.700"/>
  <system-out/>
  <testcase classname="com.sgtesting.tests.Q9AdvancedScenarioScenarios2" name="logOutUser23" time="1.434"/>
  <system-out/>
  <testcase classname="com.sgtesting.tests.Q9AdvancedScenarioScenarios2" name="logInAsUser13" time="5.905"/>
  <system-out/>
  <testcase classname="com.sgtesting.tests.Q9AdvancedScenarioScenarios2" name="deleteUser2" time="4.352"/>
  <system-out/>
  <testcase classname="com.sgtesting.tests.Q9AdvancedScenarioScenarios2" name="logOutUser13" time="1.316"/>
  <system-out/>
  <testcase classname="com.sgtesting.tests.Q9AdvancedScenarioScenarios2" name="logInAdmin1" time="5.761"/>
  <system-out/>
  <testcase classname="com.sgtesting.tests.Q9AdvancedScenarioScenarios2" name="deleteUser1" time="4.282"/>
  <system-out/>
  <testcase classname="com.sgtesting.tests.Q9AdvancedScenarioScenarios2" name="logOutAdmin12" time="1.351"/>
  <system-out/>
  <testcase classname="com.sgtesting.tests.Q9AdvancedScenarioScenarios2" name="closeApplication" time="5.613"/>
  <system-out/>
</testsuite> <!-- com.sgtesting.tests.Q9AdvancedScenarioScenarios2 -->
