<?xml version="1.0" encoding="UTF-8"?>
<!-- Generated by org.testng.reporters.JUnitReportReporter -->
<testsuite hostname="Tanu" failures="0" tests="9" name="com.sgtesting.tests.Q5CreateCustomeProjectAndDelete" time="45.007" errors="0" timestamp="2023-12-15T11:58:53 IST" skipped="0">
  <testcase classname="com.sgtesting.tests.Q5CreateCustomeProjectAndDelete" name="launchBrowser" time="2.233"/>
  <system-out/>
  <testcase classname="com.sgtesting.tests.Q5CreateCustomeProjectAndDelete" name="navigate" time="3.476"/>
  <system-out/>
  <testcase classname="com.sgtesting.tests.Q5CreateCustomeProjectAndDelete" name="login" time="4.735"/>
  <system-out/>
  <testcase classname="com.sgtesting.tests.Q5CreateCustomeProjectAndDelete" name="minimizeFlyWindow" time="1.153"/>
  <system-out/>
  <testcase classname="com.sgtesting.tests.Q5CreateCustomeProjectAndDelete" name="createCustomer" time="9.692"/>
  <system-out/>
  <testcase classname="com.sgtesting.tests.Q5CreateCustomeProjectAndDelete" name="createProject" time="8.070"/>
  <system-out/>
  <testcase classname="com.sgtesting.tests.Q5CreateCustomeProjectAndDelete" name="deleteCustomer" time="8.599"/>
  <system-out/>
  <testcase classname="com.sgtesting.tests.Q5CreateCustomeProjectAndDelete" name="logOutAdmin" time="1.322"/>
  <system-out/>
  <testcase classname="com.sgtesting.tests.Q5CreateCustomeProjectAndDelete" name="closeBrowser" time="5.727"/>
  <system-out/>
</testsuite> <!-- com.sgtesting.tests.Q5CreateCustomeProjectAndDelete -->
