<?xml version="1.0" encoding="UTF-8"?>
<!-- Generated by org.testng.reporters.JUnitReportReporter -->
<testsuite hostname="RanavRakshi" failures="0" tests="2" name="com.sgtesting.tests.api.testsuite.DriverScript" time="1.746" errors="0" timestamp="2024-01-28T00:05:45 IST" skipped="0">
  <testcase classname="com.sgtesting.tests.api.testsuite.DriverScript" name="feature" time="0.110"/>
  <testcase classname="com.sgtesting.tests.api.testsuite.DriverScript" name="feature" time="1.636"/>
</testsuite> <!-- com.sgtesting.tests.api.testsuite.DriverScript -->
