<?xml version="1.0" encoding="UTF-8"?>
<!-- Generated by org.testng.reporters.JUnitReportReporter -->
<testsuite hostname="Tanu" failures="0" tests="8" name="com.sgtesting.tests.Q1CreateDeleteUserScenario" time="42.144" errors="0" timestamp="2023-12-13T13:15:58 IST" skipped="0">
  <testcase classname="com.sgtesting.tests.Q1CreateDeleteUserScenario" name="launchBrowser" time="2.624"/>
  <system-out/>
  <testcase classname="com.sgtesting.tests.Q1CreateDeleteUserScenario" name="navigate" time="3.594"/>
  <system-out/>
  <testcase classname="com.sgtesting.tests.Q1CreateDeleteUserScenario" name="login" time="6.582"/>
  <system-out/>
  <testcase classname="com.sgtesting.tests.Q1CreateDeleteUserScenario" name="minimizeFlyWindow" time="1.105"/>
  <system-out/>
  <testcase classname="com.sgtesting.tests.Q1CreateDeleteUserScenario" name="createUser" time="12.987"/>
  <system-out/>
  <testcase classname="com.sgtesting.tests.Q1CreateDeleteUserScenario" name="deleteUser" time="6.408"/>
  <system-out/>
  <testcase classname="com.sgtesting.tests.Q1CreateDeleteUserScenario" name="logOut" time="2.423"/>
  <system-out/>
  <testcase classname="com.sgtesting.tests.Q1CreateDeleteUserScenario" name="closeBrowser" time="6.421"/>
  <system-out/>
</testsuite> <!-- com.sgtesting.tests.Q1CreateDeleteUserScenario -->
