<?xml version="1.0" encoding="UTF-8"?>
<!-- Generated by org.testng.reporters.JUnitReportReporter -->
<testsuite hostname="Tanu" failures="0" tests="32" name="com.sgtesting.tests.Q8AdvancedScenarios" time="167.639" errors="0" timestamp="2023-12-13T13:15:58 IST" skipped="0">
  <testcase classname="com.sgtesting.tests.Q8AdvancedScenarios" name="launchBrowser" time="2.544"/>
  <system-out/>
  <testcase classname="com.sgtesting.tests.Q8AdvancedScenarios" name="navigate" time="4.002"/>
  <system-out/>
  <testcase classname="com.sgtesting.tests.Q8AdvancedScenarios" name="logIn" time="5.444"/>
  <system-out/>
  <testcase classname="com.sgtesting.tests.Q8AdvancedScenarios" name="minimizeFlyWindow" time="1.080"/>
  <system-out/>
  <testcase classname="com.sgtesting.tests.Q8AdvancedScenarios" name="createUsers" time="7.514"/>
  <system-out/>
  <testcase classname="com.sgtesting.tests.Q8AdvancedScenarios" name="createUsers" time="7.495"/>
  <system-out/>
  <testcase classname="com.sgtesting.tests.Q8AdvancedScenarios" name="createUsers" time="8.486"/>
  <system-out/>
  <testcase classname="com.sgtesting.tests.Q8AdvancedScenarios" name="logOut" time="2.288"/>
  <system-out/>
  <testcase classname="com.sgtesting.tests.Q8AdvancedScenarios" name="logInAsUser1" time="14.147"/>
  <system-out/>
  <testcase classname="com.sgtesting.tests.Q8AdvancedScenarios" name="minimizeFlyWindow1" time="2.437"/>
  <system-out/>
  <testcase classname="com.sgtesting.tests.Q8AdvancedScenarios" name="logOutUser1" time="4.269"/>
  <system-out/>
  <testcase classname="com.sgtesting.tests.Q8AdvancedScenarios" name="logInAsUser2" time="6.645"/>
  <system-out/>
  <testcase classname="com.sgtesting.tests.Q8AdvancedScenarios" name="minimizeFlyWindow2" time="2.132"/>
  <system-out/>
  <testcase classname="com.sgtesting.tests.Q8AdvancedScenarios" name="logOutUser2" time="4.273"/>
  <system-out/>
  <testcase classname="com.sgtesting.tests.Q8AdvancedScenarios" name="logInAsUSer3" time="4.725"/>
  <system-out/>
  <testcase classname="com.sgtesting.tests.Q8AdvancedScenarios" name="minimizeFlyWindow3" time="2.088"/>
  <system-out/>
  <testcase classname="com.sgtesting.tests.Q8AdvancedScenarios" name="logOutUser3" time="3.235"/>
  <system-out/>
  <testcase classname="com.sgtesting.tests.Q8AdvancedScenarios" name="adminLogin" time="4.789"/>
  <system-out/>
  <testcase classname="com.sgtesting.tests.Q8AdvancedScenarios" name="minimizeFlyWindow4" time="2.077"/>
  <system-out/>
  <testcase classname="com.sgtesting.tests.Q8AdvancedScenarios" name="modifyUsersPassword" time="27.900"/>
  <system-out/>
  <testcase classname="com.sgtesting.tests.Q8AdvancedScenarios" name="logOutAdmin" time="3.355"/>
  <system-out/>
  <testcase classname="com.sgtesting.tests.Q8AdvancedScenarios" name="logInAsUser11" time="5.105"/>
  <system-out/>
  <testcase classname="com.sgtesting.tests.Q8AdvancedScenarios" name="logOutUser11" time="4.265"/>
  <system-out/>
  <testcase classname="com.sgtesting.tests.Q8AdvancedScenarios" name="logInAsUser21" time="4.648"/>
  <system-out/>
  <testcase classname="com.sgtesting.tests.Q8AdvancedScenarios" name="logOutUser21" time="4.250"/>
  <system-out/>
  <testcase classname="com.sgtesting.tests.Q8AdvancedScenarios" name="logInAsUSer31" time="4.661"/>
  <system-out/>
  <testcase classname="com.sgtesting.tests.Q8AdvancedScenarios" name="logOutUser31" time="3.251"/>
  <system-out/>
  <testcase classname="com.sgtesting.tests.Q8AdvancedScenarios" name="logInAsAdmin1" time="4.733"/>
  <system-out/>
  <testcase classname="com.sgtesting.tests.Q8AdvancedScenarios" name="minimizeFlyWindow41" time="2.069"/>
  <system-out/>
  <testcase classname="com.sgtesting.tests.Q8AdvancedScenarios" name="deleteUsers" time="10.014"/>
  <system-out/>
  <testcase classname="com.sgtesting.tests.Q8AdvancedScenarios" name="logOutAdmin1" time="3.291"/>
  <system-out/>
  <testcase classname="com.sgtesting.tests.Q8AdvancedScenarios" name="closeApplication" time="0.427"/>
  <system-out/>
</testsuite> <!-- com.sgtesting.tests.Q8AdvancedScenarios -->
