<?xml version="1.0" encoding="UTF-8"?>
<!-- Generated by org.testng.reporters.JUnitReportReporter -->
<testsuite hostname="Tanu" failures="0" tests="6" name="com.sgtesting.tests.LoginLogoutScenario" time="17.246" errors="0" timestamp="2023-12-13T13:15:58 IST" skipped="0">
  <testcase classname="com.sgtesting.tests.LoginLogoutScenario" name="launchBrowser" time="4.513"/>
  <system-out/>
  <testcase classname="com.sgtesting.tests.LoginLogoutScenario" name="navigate" time="1.420"/>
  <system-out/>
  <testcase classname="com.sgtesting.tests.LoginLogoutScenario" name="login" time="6.589"/>
  <system-out/>
  <testcase classname="com.sgtesting.tests.LoginLogoutScenario" name="minimizeFlyOutWindow" time="2.114"/>
  <system-out/>
  <testcase classname="com.sgtesting.tests.LoginLogoutScenario" name="logout" time="2.289"/>
  <system-out/>
  <testcase classname="com.sgtesting.tests.LoginLogoutScenario" name="closeApplication" time="0.321"/>
  <system-out/>
</testsuite> <!-- com.sgtesting.tests.LoginLogoutScenario -->
