<?xml version="1.0" encoding="UTF-8"?>
<!-- Generated by org.testng.reporters.JUnitReportReporter -->
<testsuite hostname="Tanu" failures="0" tests="10" name="com.sgtesting.tests.Q5CreateCustomeProjectAndDelete" time="51.081" errors="0" timestamp="2023-12-13T13:15:57 IST" skipped="0">
  <testcase classname="com.sgtesting.tests.Q5CreateCustomeProjectAndDelete" name="launchBrowser" time="2.899"/>
  <system-out/>
  <testcase classname="com.sgtesting.tests.Q5CreateCustomeProjectAndDelete" name="navigate" time="4.054"/>
  <system-out/>
  <testcase classname="com.sgtesting.tests.Q5CreateCustomeProjectAndDelete" name="login" time="6.765"/>
  <system-out/>
  <testcase classname="com.sgtesting.tests.Q5CreateCustomeProjectAndDelete" name="minimizeFlyWindow" time="1.088"/>
  <system-out/>
  <testcase classname="com.sgtesting.tests.Q5CreateCustomeProjectAndDelete" name="createCustomer" time="9.744"/>
  <system-out/>
  <testcase classname="com.sgtesting.tests.Q5CreateCustomeProjectAndDelete" name="createProject" time="6.637"/>
  <system-out/>
  <testcase classname="com.sgtesting.tests.Q5CreateCustomeProjectAndDelete" name="deleteProject" time="6.458"/>
  <system-out/>
  <testcase classname="com.sgtesting.tests.Q5CreateCustomeProjectAndDelete" name="deleteCustomer" time="6.362"/>
  <system-out/>
  <testcase classname="com.sgtesting.tests.Q5CreateCustomeProjectAndDelete" name="logOutAdmin" time="1.525"/>
  <system-out/>
  <testcase classname="com.sgtesting.tests.Q5CreateCustomeProjectAndDelete" name="closeBrowser" time="5.549"/>
  <system-out/>
</testsuite> <!-- com.sgtesting.tests.Q5CreateCustomeProjectAndDelete -->
