<?xml version="1.0" encoding="UTF-8"?>
<!-- Generated by org.testng.reporters.JUnitReportReporter -->
<testsuite hostname="Tanu" failures="0" tests="12" name="com.sgtesting.tests.Q7CreateCustomerProjectTaskAndDeleteAll" time="67.211" errors="0" timestamp="2023-12-13T13:15:57 IST" skipped="0">
  <testcase classname="com.sgtesting.tests.Q7CreateCustomerProjectTaskAndDeleteAll" name="launchBrowser" time="3.069"/>
  <system-out/>
  <testcase classname="com.sgtesting.tests.Q7CreateCustomerProjectTaskAndDeleteAll" name="navigate" time="3.347"/>
  <system-out/>
  <testcase classname="com.sgtesting.tests.Q7CreateCustomerProjectTaskAndDeleteAll" name="login" time="7.081"/>
  <system-out/>
  <testcase classname="com.sgtesting.tests.Q7CreateCustomerProjectTaskAndDeleteAll" name="minimizeFlyWindow" time="1.127"/>
  <system-out/>
  <testcase classname="com.sgtesting.tests.Q7CreateCustomerProjectTaskAndDeleteAll" name="createCustomer" time="9.463"/>
  <system-out/>
  <testcase classname="com.sgtesting.tests.Q7CreateCustomerProjectTaskAndDeleteAll" name="createProject" time="6.610"/>
  <system-out/>
  <testcase classname="com.sgtesting.tests.Q7CreateCustomerProjectTaskAndDeleteAll" name="createTask" time="7.938"/>
  <system-out/>
  <testcase classname="com.sgtesting.tests.Q7CreateCustomerProjectTaskAndDeleteAll" name="deleteTask" time="6.310"/>
  <system-out/>
  <testcase classname="com.sgtesting.tests.Q7CreateCustomerProjectTaskAndDeleteAll" name="deleteProject" time="7.563"/>
  <system-out/>
  <testcase classname="com.sgtesting.tests.Q7CreateCustomerProjectTaskAndDeleteAll" name="deleteCustomer" time="7.345"/>
  <system-out/>
  <testcase classname="com.sgtesting.tests.Q7CreateCustomerProjectTaskAndDeleteAll" name="logOutAdmin" time="1.296"/>
  <system-out/>
  <testcase classname="com.sgtesting.tests.Q7CreateCustomerProjectTaskAndDeleteAll" name="closeBrowser" time="6.062"/>
  <system-out/>
</testsuite> <!-- com.sgtesting.tests.Q7CreateCustomerProjectTaskAndDeleteAll -->
