<?xml version="1.0" encoding="UTF-8"?>
<!-- Generated by org.testng.reporters.JUnitReportReporter -->
<testsuite hostname="Tanu" failures="0" tests="42" name="com.sgtesting.tests.Q9AdvancedScenarioScenarios2" time="175.536" errors="0" timestamp="2023-12-13T13:15:57 IST" skipped="0">
  <testcase classname="com.sgtesting.tests.Q9AdvancedScenarioScenarios2" name="launchBrowser" time="2.454"/>
  <system-out/>
  <testcase classname="com.sgtesting.tests.Q9AdvancedScenarioScenarios2" name="navigate" time="3.718"/>
  <system-out/>
  <testcase classname="com.sgtesting.tests.Q9AdvancedScenarioScenarios2" name="logIn" time="4.533"/>
  <system-out/>
  <testcase classname="com.sgtesting.tests.Q9AdvancedScenarioScenarios2" name="minimizeFlyWindow" time="1.074"/>
  <system-out/>
  <testcase classname="com.sgtesting.tests.Q9AdvancedScenarioScenarios2" name="createUser1" time="8.592"/>
  <system-out/>
  <testcase classname="com.sgtesting.tests.Q9AdvancedScenarioScenarios2" name="logOutAdmin" time="2.299"/>
  <system-out/>
  <testcase classname="com.sgtesting.tests.Q9AdvancedScenarioScenarios2" name="logInAsUser1" time="6.970"/>
  <system-out/>
  <testcase classname="com.sgtesting.tests.Q9AdvancedScenarioScenarios2" name="minimizeFlyWindow1" time="1.280"/>
  <system-out/>
  <testcase classname="com.sgtesting.tests.Q9AdvancedScenarioScenarios2" name="createUser2" time="7.899"/>
  <system-out/>
  <testcase classname="com.sgtesting.tests.Q9AdvancedScenarioScenarios2" name="logOutUser1" time="2.303"/>
  <system-out/>
  <testcase classname="com.sgtesting.tests.Q9AdvancedScenarioScenarios2" name="logInAsUser2" time="6.899"/>
  <system-out/>
  <testcase classname="com.sgtesting.tests.Q9AdvancedScenarioScenarios2" name="minimizeFlyWindow2" time="1.099"/>
  <system-out/>
  <testcase classname="com.sgtesting.tests.Q9AdvancedScenarioScenarios2" name="createUser3" time="7.370"/>
  <system-out/>
  <testcase classname="com.sgtesting.tests.Q9AdvancedScenarioScenarios2" name="logOutUser2" time="2.248"/>
  <system-out/>
  <testcase classname="com.sgtesting.tests.Q9AdvancedScenarioScenarios2" name="logInAsUser3" time="4.570"/>
  <system-out/>
  <testcase classname="com.sgtesting.tests.Q9AdvancedScenarioScenarios2" name="minimizeFlyWindow3" time="2.087"/>
  <system-out/>
  <testcase classname="com.sgtesting.tests.Q9AdvancedScenarioScenarios2" name="logOutUser3" time="2.256"/>
  <system-out/>
  <testcase classname="com.sgtesting.tests.Q9AdvancedScenarioScenarios2" name="logInAsUser21" time="4.730"/>
  <system-out/>
  <testcase classname="com.sgtesting.tests.Q9AdvancedScenarioScenarios2" name="modifyUser3" time="10.215"/>
  <system-out/>
  <testcase classname="com.sgtesting.tests.Q9AdvancedScenarioScenarios2" name="logOutUser21" time="2.356"/>
  <system-out/>
  <testcase classname="com.sgtesting.tests.Q9AdvancedScenarioScenarios2" name="logInAsUser31" time="4.697"/>
  <system-out/>
  <testcase classname="com.sgtesting.tests.Q9AdvancedScenarioScenarios2" name="logOutUser31" time="2.249"/>
  <system-out/>
  <testcase classname="com.sgtesting.tests.Q9AdvancedScenarioScenarios2" name="logInAsUser11" time="4.798"/>
  <system-out/>
  <testcase classname="com.sgtesting.tests.Q9AdvancedScenarioScenarios2" name="modifyUser2" time="10.001"/>
  <system-out/>
  <testcase classname="com.sgtesting.tests.Q9AdvancedScenarioScenarios2" name="logOutUser11" time="2.260"/>
  <system-out/>
  <testcase classname="com.sgtesting.tests.Q9AdvancedScenarioScenarios2" name="logInAsUser22" time="4.764"/>
  <system-out/>
  <testcase classname="com.sgtesting.tests.Q9AdvancedScenarioScenarios2" name="logOutUser22" time="2.232"/>
  <system-out/>
  <testcase classname="com.sgtesting.tests.Q9AdvancedScenarioScenarios2" name="logInAdmin" time="4.792"/>
  <system-out/>
  <testcase classname="com.sgtesting.tests.Q9AdvancedScenarioScenarios2" name="modifyUser1" time="10.062"/>
  <system-out/>
  <testcase classname="com.sgtesting.tests.Q9AdvancedScenarioScenarios2" name="logOutAdmin1" time="2.256"/>
  <system-out/>
  <testcase classname="com.sgtesting.tests.Q9AdvancedScenarioScenarios2" name="logInAsUser12" time="4.733"/>
  <system-out/>
  <testcase classname="com.sgtesting.tests.Q9AdvancedScenarioScenarios2" name="logOutUser12" time="2.349"/>
  <system-out/>
  <testcase classname="com.sgtesting.tests.Q9AdvancedScenarioScenarios2" name="logInAsUser23" time="4.769"/>
  <system-out/>
  <testcase classname="com.sgtesting.tests.Q9AdvancedScenarioScenarios2" name="deleteUser3" time="4.395"/>
  <system-out/>
  <testcase classname="com.sgtesting.tests.Q9AdvancedScenarioScenarios2" name="logOutUser23" time="2.219"/>
  <system-out/>
  <testcase classname="com.sgtesting.tests.Q9AdvancedScenarioScenarios2" name="logInAsUser13" time="4.811"/>
  <system-out/>
  <testcase classname="com.sgtesting.tests.Q9AdvancedScenarioScenarios2" name="deleteUser2" time="4.195"/>
  <system-out/>
  <testcase classname="com.sgtesting.tests.Q9AdvancedScenarioScenarios2" name="logOutUser13" time="0.247"/>
  <system-out/>
  <testcase classname="com.sgtesting.tests.Q9AdvancedScenarioScenarios2" name="logInAdmin1" time="4.624"/>
  <system-out/>
  <testcase classname="com.sgtesting.tests.Q9AdvancedScenarioScenarios2" name="deleteUser1" time="4.253"/>
  <system-out/>
  <testcase classname="com.sgtesting.tests.Q9AdvancedScenarioScenarios2" name="logOutAdmin12" time="0.246"/>
  <system-out/>
  <testcase classname="com.sgtesting.tests.Q9AdvancedScenarioScenarios2" name="closeApplication" time="5.632"/>
  <system-out/>
</testsuite> <!-- com.sgtesting.tests.Q9AdvancedScenarioScenarios2 -->
