<?xml version="1.0" encoding="UTF-8"?>
<!-- Generated by org.testng.reporters.JUnitReportReporter -->
<testsuite hostname="Tanu" failures="0" tests="11" name="com.sgtesting.tests.Q6CreateCustomeProjectModifyProjectAndDeleteAll" time="58.622" errors="0" timestamp="2023-12-13T13:15:58 IST" skipped="0">
  <testcase classname="com.sgtesting.tests.Q6CreateCustomeProjectModifyProjectAndDeleteAll" name="launchBrowser" time="3.193"/>
  <system-out/>
  <testcase classname="com.sgtesting.tests.Q6CreateCustomeProjectModifyProjectAndDeleteAll" name="navigate" time="3.443"/>
  <system-out/>
  <testcase classname="com.sgtesting.tests.Q6CreateCustomeProjectModifyProjectAndDeleteAll" name="login" time="8.959"/>
  <system-out/>
  <testcase classname="com.sgtesting.tests.Q6CreateCustomeProjectModifyProjectAndDeleteAll" name="minimizeFlyWindow" time="1.254"/>
  <system-out/>
  <testcase classname="com.sgtesting.tests.Q6CreateCustomeProjectModifyProjectAndDeleteAll" name="createCustomer" time="9.921"/>
  <system-out/>
  <testcase classname="com.sgtesting.tests.Q6CreateCustomeProjectModifyProjectAndDeleteAll" name="createProject" time="6.570"/>
  <system-out/>
  <testcase classname="com.sgtesting.tests.Q6CreateCustomeProjectModifyProjectAndDeleteAll" name="modifyProject" time="4.346"/>
  <system-out/>
  <testcase classname="com.sgtesting.tests.Q6CreateCustomeProjectModifyProjectAndDeleteAll" name="deleteProject" time="6.469"/>
  <system-out/>
  <testcase classname="com.sgtesting.tests.Q6CreateCustomeProjectModifyProjectAndDeleteAll" name="deleteCustomer" time="6.360"/>
  <system-out/>
  <testcase classname="com.sgtesting.tests.Q6CreateCustomeProjectModifyProjectAndDeleteAll" name="logOutAdmin" time="1.333"/>
  <system-out/>
  <testcase classname="com.sgtesting.tests.Q6CreateCustomeProjectModifyProjectAndDeleteAll" name="closeBrowser" time="6.774"/>
  <system-out/>
</testsuite> <!-- com.sgtesting.tests.Q6CreateCustomeProjectModifyProjectAndDeleteAll -->
