<?xml version="1.0" encoding="UTF-8"?>
<!-- Generated by org.testng.reporters.JUnitReportReporter -->
<testsuite hostname="Tanu" failures="0" tests="9" name="com.sgtesting.tests.Q2ModifyUser" time="42.507" errors="0" timestamp="2023-12-13T13:15:57 IST" skipped="0">
  <testcase classname="com.sgtesting.tests.Q2ModifyUser" name="launchBrowser" time="2.875"/>
  <system-out/>
  <testcase classname="com.sgtesting.tests.Q2ModifyUser" name="navigate" time="3.428"/>
  <system-out/>
  <testcase classname="com.sgtesting.tests.Q2ModifyUser" name="logIn" time="5.689"/>
  <system-out/>
  <testcase classname="com.sgtesting.tests.Q2ModifyUser" name="minimizeFlyWindow" time="1.084"/>
  <system-out/>
  <testcase classname="com.sgtesting.tests.Q2ModifyUser" name="createUser" time="9.402"/>
  <system-out/>
  <testcase classname="com.sgtesting.tests.Q2ModifyUser" name="modifyUser" time="6.960"/>
  <system-out/>
  <testcase classname="com.sgtesting.tests.Q2ModifyUser" name="deleteUser" time="4.465"/>
  <system-out/>
  <testcase classname="com.sgtesting.tests.Q2ModifyUser" name="logOut" time="1.566"/>
  <system-out/>
  <testcase classname="com.sgtesting.tests.Q2ModifyUser" name="closeBrowser" time="7.038"/>
  <system-out/>
</testsuite> <!-- com.sgtesting.tests.Q2ModifyUser -->
