<?xml version="1.0" encoding="UTF-8"?>
<!-- Generated by org.testng.reporters.JUnitReportReporter -->
<testsuite hostname="Tanu" failures="0" tests="8" name="com.sgtesting.tests.Q3CreateDeleteCustomer" time="35.921" errors="0" timestamp="2023-12-13T13:15:58 IST" skipped="0">
  <testcase classname="com.sgtesting.tests.Q3CreateDeleteCustomer" name="launchBrowser" time="3.072"/>
  <system-out/>
  <testcase classname="com.sgtesting.tests.Q3CreateDeleteCustomer" name="navigate" time="3.368"/>
  <system-out/>
  <testcase classname="com.sgtesting.tests.Q3CreateDeleteCustomer" name="login" time="6.612"/>
  <system-out/>
  <testcase classname="com.sgtesting.tests.Q3CreateDeleteCustomer" name="minimizeFlyWindow" time="1.081"/>
  <system-out/>
  <testcase classname="com.sgtesting.tests.Q3CreateDeleteCustomer" name="createCustomer" time="9.754"/>
  <system-out/>
  <testcase classname="com.sgtesting.tests.Q3CreateDeleteCustomer" name="deleteCustomer" time="4.426"/>
  <system-out/>
  <testcase classname="com.sgtesting.tests.Q3CreateDeleteCustomer" name="logOutAdmin" time="1.513"/>
  <system-out/>
  <testcase classname="com.sgtesting.tests.Q3CreateDeleteCustomer" name="closeBrowser" time="6.095"/>
  <system-out/>
</testsuite> <!-- com.sgtesting.tests.Q3CreateDeleteCustomer -->
