<?xml version="1.0" encoding="UTF-8"?>
<!-- Generated by org.testng.reporters.JUnitReportReporter -->
<testsuite hostname="Tanu" failures="0" tests="9" name="com.sgtesting.tests.Q4CreateModifyDeleteCustomer" time="41.056" errors="0" timestamp="2023-12-13T13:15:58 IST" skipped="0">
  <testcase classname="com.sgtesting.tests.Q4CreateModifyDeleteCustomer" name="launchBrowser" time="2.835"/>
  <system-out/>
  <testcase classname="com.sgtesting.tests.Q4CreateModifyDeleteCustomer" name="navigate" time="3.353"/>
  <system-out/>
  <testcase classname="com.sgtesting.tests.Q4CreateModifyDeleteCustomer" name="login" time="6.483"/>
  <system-out/>
  <testcase classname="com.sgtesting.tests.Q4CreateModifyDeleteCustomer" name="minimizeFlyWindow" time="1.090"/>
  <system-out/>
  <testcase classname="com.sgtesting.tests.Q4CreateModifyDeleteCustomer" name="createCustomer" time="9.698"/>
  <system-out/>
  <testcase classname="com.sgtesting.tests.Q4CreateModifyDeleteCustomer" name="modifyCustomer" time="5.316"/>
  <system-out/>
  <testcase classname="com.sgtesting.tests.Q4CreateModifyDeleteCustomer" name="deleteCustomer" time="5.392"/>
  <system-out/>
  <testcase classname="com.sgtesting.tests.Q4CreateModifyDeleteCustomer" name="logOutAdmin" time="1.347"/>
  <system-out/>
  <testcase classname="com.sgtesting.tests.Q4CreateModifyDeleteCustomer" name="closeBrowser" time="5.542"/>
  <system-out/>
</testsuite> <!-- com.sgtesting.tests.Q4CreateModifyDeleteCustomer -->
