<?xml version="1.0" encoding="UTF-8"?>
<!-- Generated by org.testng.reporters.JUnitReportReporter -->
<testsuite hostname="Tanu" failures="0" tests="7" name="com.sgtesting.tests.CreateUserScenario" time="28.785" errors="0" timestamp="2023-12-12T13:29:04 IST" skipped="0">
  <testcase classname="com.sgtesting.tests.CreateUserScenario" name="launchBrowser" time="2.802"/>
  <system-out/>
  <testcase classname="com.sgtesting.tests.CreateUserScenario" name="navigate" time="1.516"/>
  <system-out/>
  <testcase classname="com.sgtesting.tests.CreateUserScenario" name="login" time="6.525"/>
  <system-out/>
  <testcase classname="com.sgtesting.tests.CreateUserScenario" name="minimizeFlyOutWindow" time="2.117"/>
  <system-out/>
  <testcase classname="com.sgtesting.tests.CreateUserScenario" name="createUser" time="7.622"/>
  <system-out/>
  <testcase classname="com.sgtesting.tests.CreateUserScenario" name="logout" time="2.276"/>
  <system-out/>
  <testcase classname="com.sgtesting.tests.CreateUserScenario" name="closeApplication" time="5.927"/>
  <system-out/>
</testsuite> <!-- com.sgtesting.tests.CreateUserScenario -->
